[2025-12-13T09:28:03+0000] [PACMAN] Running 'pacman -Syu --root /d/a/msys2-installer/msys2-installer/_build/newmsys/msys64'
[2025-12-13T09:28:03+0000] [PACMAN] synchronizing package lists
[2025-12-13T09:28:05+0000] [PACMAN] starting full system upgrade
[2025-12-13T09:28:05+0000] [PACMAN] Running 'pacman -S --noconfirm --root /d/a/msys2-installer/msys2-installer/_build/newmsys/msys64 filesystem msys2-runtime'
[2025-12-13T09:28:07+0000] [ALPM] transaction started
[2025-12-13T09:28:08+0000] [ALPM] installed filesystem (2025.05.08-2)
[2025-12-13T09:28:08+0000] [ALPM] installed msys2-runtime (3.6.5-1)
[2025-12-13T09:28:08+0000] [ALPM] transaction completed
[2025-12-13T09:28:08+0000] [PACMAN] Running 'pacman -S --noconfirm --root /d/a/msys2-installer/msys2-installer/_build/newmsys/msys64 base'
[2025-12-13T09:28:30+0000] [ALPM] transaction started
[2025-12-13T09:28:30+0000] [ALPM] installed bash (5.3.009-1)
[2025-12-13T09:28:31+0000] [ALPM] installed bash-completion (2.17.0-2)
[2025-12-13T09:28:31+0000] [ALPM] installed gcc-libs (15.2.0-1)
[2025-12-13T09:28:31+0000] [ALPM] installed libbz2 (1.0.8-4)
[2025-12-13T09:28:31+0000] [ALPM] installed libintl (0.22.5-1)
[2025-12-13T09:28:31+0000] [ALPM] installed libiconv (1.18-1)
[2025-12-13T09:28:31+0000] [ALPM] installed libexpat (2.7.3-1)
[2025-12-13T09:28:31+0000] [ALPM] installed liblzma (5.8.1-1)
[2025-12-13T09:28:31+0000] [ALPM] installed liblz4 (1.10.0-1)
[2025-12-13T09:28:31+0000] [ALPM] installed libopenssl (3.6.0-1)
[2025-12-13T09:28:31+0000] [ALPM] installed libzstd (1.5.7-1)
[2025-12-13T09:28:31+0000] [ALPM] installed zlib (1.3.1-1)
[2025-12-13T09:28:31+0000] [ALPM] installed bsdtar (3.8.4-1)
[2025-12-13T09:28:31+0000] [ALPM] installed bzip2 (1.0.8-4)
[2025-12-13T09:28:31+0000] [ALPM] installed gmp (6.3.0-2)
[2025-12-13T09:28:32+0000] [ALPM] installed coreutils (8.32-5)
[2025-12-13T09:28:32+0000] [ALPM] installed openssl (3.6.0-1)
[2025-12-13T09:28:32+0000] [ALPM] installed findutils (4.10.0-2)
[2025-12-13T09:28:32+0000] [ALPM] installed sed (4.9-1)
[2025-12-13T09:28:32+0000] [ALPM] installed libffi (3.5.2-1)
[2025-12-13T09:28:40+0000] [ALPM] installed ncurses (6.5.20240831-2)
[2025-12-13T09:28:40+0000] [ALPM] installed libpcre2_8 (10.47-1)
[2025-12-13T09:28:40+0000] [ALPM] installed less (685-1)
[2025-12-13T09:28:40+0000] [ALPM] installed gzip (1.14-1)
[2025-12-13T09:28:40+0000] [ALPM] installed libxcrypt (4.5.2-1)
[2025-12-13T09:28:40+0000] [ALPM] installed info (7.2-2)
[2025-12-13T09:28:40+0000] [ALPM] installed libtasn1 (4.20.0-1)
[2025-12-13T09:28:40+0000] [ALPM] installed libp11-kit (0.25.10-1)
[2025-12-13T09:28:40+0000] [ALPM] installed p11-kit (0.25.10-1)
[2025-12-13T09:28:40+0000] [ALPM] installed ca-certificates (20250419-1)
[2025-12-13T09:28:41+0000] [ALPM] installed brotli (1.2.0-1)
[2025-12-13T09:28:41+0000] [ALPM] installed libunistring (1.3-1)
[2025-12-13T09:28:41+0000] [ALPM] installed libidn2 (2.3.8-1)
[2025-12-13T09:28:41+0000] [ALPM] installed libnghttp3 (1.13.1-1)
[2025-12-13T09:28:41+0000] [ALPM] installed libngtcp2 (1.18.0-1)
[2025-12-13T09:28:41+0000] [ALPM] installed libnghttp2 (1.68.0-1)
[2025-12-13T09:28:41+0000] [ALPM] installed libpsl (0.21.5-2)
[2025-12-13T09:28:41+0000] [ALPM] installed libssh2 (1.11.1-1)
[2025-12-13T09:28:41+0000] [ALPM] installed libcurl (8.17.0-1)
[2025-12-13T09:28:41+0000] [ALPM] installed curl (8.17.0-1)
[2025-12-13T09:28:41+0000] [ALPM] installed libpcre (8.45-5)
[2025-12-13T09:28:42+0000] [ALPM] installed grep (1~3.0-7)
[2025-12-13T09:28:42+0000] [ALPM] installed dash (0.5.12-1)
[2025-12-13T09:28:42+0000] [ALPM] installed file (5.46-2)
[2025-12-13T09:28:42+0000] [ALPM] installed mpfr (4.2.2-1)
[2025-12-13T09:28:42+0000] [ALPM] installed libreadline (8.3.003-1)
[2025-12-13T09:28:42+0000] [ALPM] installed gawk (5.3.2-1)
[2025-12-13T09:28:42+0000] [ALPM] installed libargp (20241207-1)
[2025-12-13T09:28:42+0000] [ALPM] installed getent (2.18.90-5)
[2025-12-13T09:28:42+0000] [ALPM] installed inetutils (2.6-1)
[2025-12-13T09:28:42+0000] [ALPM] installed mintty (1~3.8.1-1)
[2025-12-13T09:28:42+0000] [ALPM] installed msys2-keyring (1~20251012-1)
[2025-12-13T09:28:42+0000] [ALPM] installed msys2-launcher (1.5-3)
[2025-12-13T09:28:42+0000] [ALPM] installed nano (8.7-1)
[2025-12-13T09:28:42+0000] [ALPM] installed libgettextpo (0.22.5-1)
[2025-12-13T09:28:42+0000] [ALPM] installed libasprintf (0.22.5-1)
[2025-12-13T09:28:42+0000] [ALPM] installed gettext (0.22.5-1)
[2025-12-13T09:28:43+0000] [ALPM] installed libgpg-error (1.57-1)
[2025-12-13T09:28:43+0000] [ALPM] installed libassuan (3.0.2-1)
[2025-12-13T09:28:43+0000] [ALPM] installed libgcrypt (1.11.2-1)
[2025-12-13T09:28:43+0000] [ALPM] installed libhogweed (3.10.2-1)
[2025-12-13T09:28:43+0000] [ALPM] installed libnettle (3.10.2-1)
[2025-12-13T09:28:43+0000] [ALPM] installed libgnutls (3.8.11-1)
[2025-12-13T09:28:43+0000] [ALPM] installed libksba (1.6.7-1)
[2025-12-13T09:28:43+0000] [ALPM] installed libnpth (1.8-1)
[2025-12-13T09:28:43+0000] [ALPM] installed libsqlite (3.51.1-1)
[2025-12-13T09:28:43+0000] [ALPM] installed nettle (3.10.2-1)
[2025-12-13T09:28:43+0000] [ALPM] installed pinentry (1.3.2-1)
[2025-12-13T09:28:43+0000] [ALPM] installed gnupg (2.4.8-1)
[2025-12-13T09:28:43+0000] [ALPM] installed pacman-mirrors (20250607-1)
[2025-12-13T09:28:43+0000] [ALPM] installed which (2.23-4)
[2025-12-13T09:28:43+0000] [ALPM] installed xz (5.8.1-1)
[2025-12-13T09:28:43+0000] [ALPM] installed zstd (1.5.7-1)
[2025-12-13T09:28:44+0000] [ALPM] installed pacman (6.1.0-20)
[2025-12-13T09:28:44+0000] [ALPM] installed libdb (6.2.32-5)
[2025-12-13T09:28:44+0000] [ALPM] installed db (6.2.32-5)
[2025-12-13T09:28:44+0000] [ALPM] installed libgdbm (1.26-1)
[2025-12-13T09:28:44+0000] [ALPM] installed gdbm (1.26-1)
[2025-12-13T09:28:47+0000] [ALPM] installed perl (5.40.3-1)
[2025-12-13T09:28:47+0000] [ALPM] installed pacman-contrib (1.10.6-1)
[2025-12-13T09:28:47+0000] [ALPM] installed rebase (4.5.0-5)
[2025-12-13T09:28:47+0000] [ALPM] installed tar (1.35-3)
[2025-12-13T09:28:47+0000] [ALPM] installed time (1.9-3)
[2025-12-13T09:28:49+0000] [ALPM] installed tzcode (2025b-1)
[2025-12-13T09:28:49+0000] [ALPM] installed libutil-linux (2.40.2-2)
[2025-12-13T09:28:50+0000] [ALPM] installed util-linux (2.40.2-2)
[2025-12-13T09:28:50+0000] [ALPM] installed wget (1.25.0-1)
[2025-12-13T09:28:50+0000] [ALPM] installed base (2022.06-1)
[2025-12-13T09:28:50+0000] [ALPM] transaction completed
[2025-12-13T09:28:50+0000] [ALPM] running 'texinfo-install.hook'...
[2026-01-28T16:20:57-0500] [PACMAN] Running 'pacman -Syu'
[2026-01-28T16:20:57-0500] [PACMAN] synchronizing package lists
[2026-01-28T16:21:07-0500] [PACMAN] starting core system upgrade
[2026-01-28T16:21:19-0500] [ALPM] transaction started
[2026-01-28T16:21:20-0500] [ALPM] upgraded msys2-runtime (3.6.5-1 -> 3.6.6-1)
[2026-01-28T16:21:20-0500] [ALPM] upgraded pacman-mirrors (20250607-1 -> 20260102-1)
[2026-01-28T16:21:21-0500] [ALPM] upgraded pacman (6.1.0-20 -> 6.1.0-21)
[2026-01-28T16:21:21-0500] [ALPM] transaction completed
[2026-01-28T16:22:23-0500] [PACMAN] Running 'pacman -S mingw-w64-ucrt-x86_64-gcc'
[2026-01-28T16:23:16-0500] [ALPM] transaction started
[2026-01-28T16:23:16-0500] [ALPM] installed mingw-w64-ucrt-x86_64-libwinpthread (13.0.0.r453.gfd36ef357-1)
[2026-01-28T16:23:59-0500] [ALPM] installed mingw-w64-ucrt-x86_64-tzdata (2025c-1)
[2026-01-28T16:23:59-0500] [ALPM] installed mingw-w64-ucrt-x86_64-gcc-libs (15.2.0-10)
[2026-01-28T16:23:59-0500] [ALPM] installed mingw-w64-ucrt-x86_64-libiconv (1.18-1)
[2026-01-28T16:23:59-0500] [ALPM] installed mingw-w64-ucrt-x86_64-gettext-runtime (0.26-2)
[2026-01-28T16:24:00-0500] [ALPM] installed mingw-w64-ucrt-x86_64-zlib (1.3.1-1)
[2026-01-28T16:24:00-0500] [ALPM] installed mingw-w64-ucrt-x86_64-zstd (1.5.7-1)
[2026-01-28T16:24:16-0500] [ALPM] installed mingw-w64-ucrt-x86_64-binutils (2.45.1-1)
[2026-01-28T16:24:18-0500] [ALPM] installed mingw-w64-ucrt-x86_64-headers (13.0.0.r453.gfd36ef357-1)
[2026-01-28T16:24:19-0500] [ALPM] installed mingw-w64-ucrt-x86_64-crt (13.0.0.r453.gfd36ef357-1)
[2026-01-28T16:24:19-0500] [ALPM] installed mingw-w64-ucrt-x86_64-gmp (6.3.0-2)
[2026-01-28T16:24:19-0500] [ALPM] installed mingw-w64-ucrt-x86_64-isl (0.27-1)
[2026-01-28T16:24:19-0500] [ALPM] installed mingw-w64-ucrt-x86_64-mpfr (4.2.2-1)
[2026-01-28T16:24:19-0500] [ALPM] installed mingw-w64-ucrt-x86_64-mpc (1.3.1-2)
[2026-01-28T16:24:19-0500] [ALPM] installed mingw-w64-ucrt-x86_64-windows-default-manifest (6.4-4)
[2026-01-28T16:24:19-0500] [ALPM] installed mingw-w64-ucrt-x86_64-winpthreads (13.0.0.r453.gfd36ef357-1)
[2026-01-28T16:24:32-0500] [ALPM] installed mingw-w64-ucrt-x86_64-gcc (15.2.0-10)
[2026-01-28T16:24:32-0500] [ALPM] transaction completed
[2026-01-28T16:29:05-0500] [PACMAN] Running 'pacman -S mingw-w64-x86_64-make'
[2026-01-28T16:29:17-0500] [ALPM] transaction started
[2026-01-28T16:29:17-0500] [ALPM] installed mingw-w64-x86_64-libwinpthread (13.0.0.r453.gfd36ef357-1)
[2026-01-28T16:29:23-0500] [ALPM] installed mingw-w64-x86_64-tzdata (2025c-1)
[2026-01-28T16:29:23-0500] [ALPM] installed mingw-w64-x86_64-gcc-libs (15.2.0-10)
[2026-01-28T16:29:23-0500] [ALPM] installed mingw-w64-x86_64-libiconv (1.18-1)
[2026-01-28T16:29:23-0500] [ALPM] installed mingw-w64-x86_64-gettext-runtime (0.26-2)
[2026-01-28T16:29:23-0500] [ALPM] installed mingw-w64-x86_64-make (4.4.1-4)
[2026-01-28T16:29:23-0500] [ALPM] transaction completed
[2026-01-28T16:30:52-0500] [PACMAN] Running 'pacman -S mingw-w64-x86_64-make'
[2026-01-28T16:31:23-0500] [ALPM] transaction started
[2026-01-28T16:31:23-0500] [ALPM] reinstalled mingw-w64-x86_64-make (4.4.1-4)
[2026-01-28T16:31:23-0500] [ALPM] transaction completed
[2026-01-28T16:34:04-0500] [PACMAN] Running 'pacman -S mingw-w64-x86_64-make'
[2026-01-28T16:34:20-0500] [ALPM] transaction started
[2026-01-28T16:34:20-0500] [ALPM] reinstalled mingw-w64-x86_64-make (4.4.1-4)
[2026-01-28T16:34:20-0500] [ALPM] transaction completed
[2026-01-28T16:39:47-0500] [PACMAN] Running 'pacman -S mingw-w64-x86_64-gcc'
[2026-01-28T16:40:19-0500] [ALPM] transaction started
[2026-01-28T16:40:19-0500] [ALPM] installed mingw-w64-x86_64-zlib (1.3.1-1)
[2026-01-28T16:40:19-0500] [ALPM] installed mingw-w64-x86_64-zstd (1.5.7-1)
[2026-01-28T16:40:35-0500] [ALPM] installed mingw-w64-x86_64-binutils (2.45.1-1)
[2026-01-28T16:40:37-0500] [ALPM] installed mingw-w64-x86_64-headers (13.0.0.r453.gfd36ef357-1)
[2026-01-28T16:40:38-0500] [ALPM] installed mingw-w64-x86_64-crt (13.0.0.r453.gfd36ef357-1)
[2026-01-28T16:40:38-0500] [ALPM] installed mingw-w64-x86_64-gmp (6.3.0-2)
[2026-01-28T16:40:38-0500] [ALPM] installed mingw-w64-x86_64-isl (0.27-1)
[2026-01-28T16:40:38-0500] [ALPM] installed mingw-w64-x86_64-mpfr (4.2.2-1)
[2026-01-28T16:40:38-0500] [ALPM] installed mingw-w64-x86_64-mpc (1.3.1-2)
[2026-01-28T16:40:38-0500] [ALPM] installed mingw-w64-x86_64-windows-default-manifest (6.4-4)
[2026-01-28T16:40:38-0500] [ALPM] installed mingw-w64-x86_64-winpthreads (13.0.0.r453.gfd36ef357-1)
[2026-01-28T16:40:51-0500] [ALPM] installed mingw-w64-x86_64-gcc (15.2.0-10)
[2026-01-28T16:40:51-0500] [ALPM] transaction completed
